<?xml version="1.0" encoding="UTF-8"?>
<coverage generated="1667040988289" clover="3.2.0">
  <project timestamp="1667040988289" name="All files">
    <metrics statements="77" coveredstatements="74" conditionals="39" coveredconditionals="35" methods="19" coveredmethods="19" elements="135" coveredelements="128" complexity="0" loc="77" ncloc="77" packages="2" files="7" classes="7"/>
    <package name="src">
      <metrics statements="32" coveredstatements="32" conditionals="15" coveredconditionals="15" methods="7" coveredmethods="7"/>
      <file name="buildTree.js" path="/mnt/e/Snuskin/WEB/HEXLET/frontend-project-lvl2/src/buildTree.js">
        <metrics statements="15" coveredstatements="15" conditionals="10" coveredconditionals="10" methods="2" coveredmethods="2"/>
        <line num="2" count="1" type="stmt"/>
        <line num="4" count="45" type="stmt"/>
        <line num="5" count="45" type="stmt"/>
        <line num="6" count="45" type="stmt"/>
        <line num="8" count="45" type="stmt"/>
        <line num="9" count="162" type="cond" truecount="2" falsecount="0"/>
        <line num="10" count="45" type="stmt"/>
        <line num="12" count="117" type="cond" truecount="2" falsecount="0"/>
        <line num="13" count="18" type="stmt"/>
        <line num="16" count="99" type="cond" truecount="4" falsecount="0"/>
        <line num="17" count="36" type="stmt"/>
        <line num="20" count="63" type="cond" truecount="2" falsecount="0"/>
        <line num="21" count="36" type="stmt"/>
        <line num="24" count="27" type="stmt"/>
        <line num="27" count="45" type="stmt"/>
      </file>
      <file name="index.js" path="/mnt/e/Snuskin/WEB/HEXLET/frontend-project-lvl2/src/index.js">
        <metrics statements="5" coveredstatements="5" conditionals="1" coveredconditionals="1" methods="1" coveredmethods="1"/>
        <line num="6" count="1" type="cond" truecount="1" falsecount="0"/>
        <line num="8" count="10" type="stmt"/>
        <line num="9" count="9" type="stmt"/>
        <line num="10" count="9" type="stmt"/>
        <line num="12" count="9" type="stmt"/>
      </file>
      <file name="parser.js" path="/mnt/e/Snuskin/WEB/HEXLET/frontend-project-lvl2/src/parser.js">
        <metrics statements="12" coveredstatements="12" conditionals="4" coveredconditionals="4" methods="4" coveredmethods="4"/>
        <line num="5" count="19" type="stmt"/>
        <line num="6" count="19" type="stmt"/>
        <line num="8" count="1" type="stmt"/>
        <line num="9" count="19" type="stmt"/>
        <line num="10" count="19" type="stmt"/>
        <line num="11" count="19" type="stmt"/>
        <line num="12" count="19" type="stmt"/>
        <line num="15" count="1" type="stmt"/>
        <line num="16" count="19" type="cond" truecount="4" falsecount="0"/>
        <line num="18" count="6" type="stmt"/>
        <line num="21" count="12" type="stmt"/>
        <line num="23" count="1" type="stmt"/>
      </file>
    </package>
    <package name="src.__formatters__">
      <metrics statements="45" coveredstatements="42" conditionals="24" coveredconditionals="20" methods="12" coveredmethods="12"/>
      <file name="JSON.js" path="/mnt/e/Snuskin/WEB/HEXLET/frontend-project-lvl2/src/__formatters__/JSON.js">
        <metrics statements="1" coveredstatements="1" conditionals="0" coveredconditionals="0" methods="1" coveredmethods="1"/>
        <line num="1" count="3" type="stmt"/>
      </file>
      <file name="index.js" path="/mnt/e/Snuskin/WEB/HEXLET/frontend-project-lvl2/src/__formatters__/index.js">
        <metrics statements="5" coveredstatements="4" conditionals="4" coveredconditionals="3" methods="1" coveredmethods="1"/>
        <line num="6" count="9" type="cond" truecount="3" falsecount="1"/>
        <line num="8" count="3" type="stmt"/>
        <line num="10" count="3" type="stmt"/>
        <line num="12" count="3" type="stmt"/>
        <line num="14" count="0" type="stmt"/>
      </file>
      <file name="plain.js" path="/mnt/e/Snuskin/WEB/HEXLET/frontend-project-lvl2/src/__formatters__/plain.js">
        <metrics statements="16" coveredstatements="15" conditionals="10" coveredconditionals="9" methods="4" coveredmethods="4"/>
        <line num="3" count="1" type="stmt"/>
        <line num="5" count="39" type="cond" truecount="2" falsecount="0"/>
        <line num="7" count="9" type="stmt"/>
        <line num="9" count="30" type="cond" truecount="2" falsecount="0"/>
        <line num="12" count="1" type="stmt"/>
        <line num="13" count="15" type="stmt"/>
        <line num="15" count="54" type="stmt"/>
        <line num="17" count="54" type="cond" truecount="5" falsecount="1"/>
        <line num="19" count="15" type="stmt"/>
        <line num="21" count="6" type="stmt"/>
        <line num="23" count="9" type="stmt"/>
        <line num="25" count="12" type="stmt"/>
        <line num="27" count="12" type="stmt"/>
        <line num="29" count="0" type="stmt"/>
        <line num="33" count="3" type="stmt"/>
        <line num="35" count="3" type="stmt"/>
      </file>
      <file name="stylish.js" path="/mnt/e/Snuskin/WEB/HEXLET/frontend-project-lvl2/src/__formatters__/stylish.js">
        <metrics statements="23" coveredstatements="22" conditionals="10" coveredconditionals="8" methods="6" coveredmethods="6"/>
        <line num="3" count="1" type="cond" truecount="0" falsecount="1"/>
        <line num="5" count="81" type="cond" truecount="2" falsecount="0"/>
        <line num="7" count="60" type="stmt"/>
        <line num="10" count="21" type="stmt"/>
        <line num="11" count="21" type="stmt"/>
        <line num="12" count="21" type="stmt"/>
        <line num="13" count="27" type="stmt"/>
        <line num="15" count="21" type="stmt"/>
        <line num="19" count="1" type="stmt"/>
        <line num="25" count="1" type="cond" truecount="1" falsecount="0"/>
        <line num="26" count="15" type="stmt"/>
        <line num="28" count="54" type="stmt"/>
        <line num="29" count="54" type="stmt"/>
        <line num="31" count="54" type="stmt"/>
        <line num="33" count="54" type="cond" truecount="5" falsecount="1"/>
        <line num="35" count="15" type="stmt"/>
        <line num="37" count="6" type="stmt"/>
        <line num="39" count="9" type="stmt"/>
        <line num="41" count="12" type="stmt"/>
        <line num="44" count="12" type="stmt"/>
        <line num="46" count="0" type="stmt"/>
        <line num="50" count="3" type="stmt"/>
        <line num="52" count="3" type="stmt"/>
      </file>
    </package>
  </project>
</coverage>
