{"/mnt/e/Snuskin/WEB/HEXLET/frontend-project-lvl2/src/buildTree.js": {"path":"/mnt/e/Snuskin/WEB/HEXLET/frontend-project-lvl2/src/buildTree.js","statementMap":{"0":{"start":{"line":2,"column":18},"end":{"line":28,"column":1}},"1":{"start":{"line":4,"column":26},"end":{"line":4,"column":39}},"2":{"start":{"line":5,"column":27},"end":{"line":5,"column":40}},"3":{"start":{"line":6,"column":23},"end":{"line":6,"column":71}},"4":{"start":{"line":8,"column":17},"end":{"line":25,"column":6}},"5":{"start":{"line":9,"column":6},"end":{"line":11,"column":7}},"6":{"start":{"line":10,"column":8},"end":{"line":10,"column":93}},"7":{"start":{"line":12,"column":6},"end":{"line":14,"column":7}},"8":{"start":{"line":13,"column":8},"end":{"line":13,"column":95}},"9":{"start":{"line":16,"column":6},"end":{"line":18,"column":7}},"10":{"start":{"line":17,"column":8},"end":{"line":17,"column":130}},"11":{"start":{"line":20,"column":6},"end":{"line":22,"column":7}},"12":{"start":{"line":21,"column":8},"end":{"line":21,"column":101}},"13":{"start":{"line":24,"column":6},"end":{"line":24,"column":96}},"14":{"start":{"line":27,"column":4},"end":{"line":27,"column":15}}},"fnMap":{"0":{"name":"(anonymous_0)","decl":{"start":{"line":2,"column":18},"end":{"line":2,"column":19}},"loc":{"start":{"line":2,"column":36},"end":{"line":28,"column":1}},"line":2},"1":{"name":"(anonymous_1)","decl":{"start":{"line":8,"column":32},"end":{"line":8,"column":33}},"loc":{"start":{"line":8,"column":41},"end":{"line":25,"column":5}},"line":8}},"branchMap":{"0":{"loc":{"start":{"line":9,"column":6},"end":{"line":11,"column":7}},"type":"if","locations":[{"start":{"line":9,"column":6},"end":{"line":11,"column":7}},{"start":{},"end":{}}],"line":9},"1":{"loc":{"start":{"line":12,"column":6},"end":{"line":14,"column":7}},"type":"if","locations":[{"start":{"line":12,"column":6},"end":{"line":14,"column":7}},{"start":{},"end":{}}],"line":12},"2":{"loc":{"start":{"line":16,"column":6},"end":{"line":18,"column":7}},"type":"if","locations":[{"start":{"line":16,"column":6},"end":{"line":18,"column":7}},{"start":{},"end":{}}],"line":16},"3":{"loc":{"start":{"line":16,"column":10},"end":{"line":16,"column":58}},"type":"binary-expr","locations":[{"start":{"line":16,"column":10},"end":{"line":16,"column":32}},{"start":{"line":16,"column":36},"end":{"line":16,"column":58}}],"line":16},"4":{"loc":{"start":{"line":20,"column":6},"end":{"line":22,"column":7}},"type":"if","locations":[{"start":{"line":20,"column":6},"end":{"line":22,"column":7}},{"start":{},"end":{}}],"line":20}},"s":{"0":1,"1":45,"2":45,"3":45,"4":45,"5":162,"6":45,"7":117,"8":18,"9":99,"10":36,"11":63,"12":36,"13":27,"14":45},"f":{"0":45,"1":162},"b":{"0":[45,117],"1":[18,99],"2":[36,63],"3":[99,45],"4":[36,27]},"_coverageSchema":"1a1c01bbd47fc00a2c39e90264f33305004495a9","hash":"cbf2042a7c7b9082c3b438270f64544036b2a30d"}
,"/mnt/e/Snuskin/WEB/HEXLET/frontend-project-lvl2/src/index.js": {"path":"/mnt/e/Snuskin/WEB/HEXLET/frontend-project-lvl2/src/index.js","statementMap":{"0":{"start":{"line":6,"column":16},"end":{"line":13,"column":1}},"1":{"start":{"line":8,"column":26},"end":{"line":8,"column":48}},"2":{"start":{"line":9,"column":26},"end":{"line":9,"column":48}},"3":{"start":{"line":10,"column":23},"end":{"line":10,"column":66}},"4":{"start":{"line":12,"column":2},"end":{"line":12,"column":41}}},"fnMap":{"0":{"name":"(anonymous_0)","decl":{"start":{"line":6,"column":16},"end":{"line":6,"column":17}},"loc":{"start":{"line":6,"column":62},"end":{"line":13,"column":1}},"line":6}},"branchMap":{"0":{"loc":{"start":{"line":6,"column":39},"end":{"line":6,"column":57}},"type":"default-arg","locations":[{"start":{"line":6,"column":48},"end":{"line":6,"column":57}}],"line":6}},"s":{"0":1,"1":10,"2":9,"3":9,"4":9},"f":{"0":10},"b":{"0":[1]},"_coverageSchema":"1a1c01bbd47fc00a2c39e90264f33305004495a9","hash":"ffc7c00ccf082468752b58dfe97aabb96e2d1562"}
,"/mnt/e/Snuskin/WEB/HEXLET/frontend-project-lvl2/src/parser.js": {"path":"/mnt/e/Snuskin/WEB/HEXLET/frontend-project-lvl2/src/parser.js","statementMap":{"0":{"start":{"line":5,"column":24},"end":{"line":5,"column":68}},"1":{"start":{"line":5,"column":35},"end":{"line":5,"column":68}},"2":{"start":{"line":6,"column":23},"end":{"line":6,"column":60}},"3":{"start":{"line":6,"column":33},"end":{"line":6,"column":60}},"4":{"start":{"line":8,"column":20},"end":{"line":13,"column":1}},"5":{"start":{"line":9,"column":23},"end":{"line":9,"column":44}},"6":{"start":{"line":10,"column":22},"end":{"line":10,"column":42}},"7":{"start":{"line":11,"column":19},"end":{"line":11,"column":53}},"8":{"start":{"line":12,"column":2},"end":{"line":12,"column":43}},"9":{"start":{"line":15,"column":19},"end":{"line":25,"column":1}},"10":{"start":{"line":16,"column":4},"end":{"line":24,"column":5}},"11":{"start":{"line":18,"column":12},"end":{"line":18,"column":36}},"12":{"start":{"line":21,"column":12},"end":{"line":21,"column":35}},"13":{"start":{"line":23,"column":12},"end":{"line":23,"column":109}}},"fnMap":{"0":{"name":"(anonymous_0)","decl":{"start":{"line":5,"column":24},"end":{"line":5,"column":25}},"loc":{"start":{"line":5,"column":35},"end":{"line":5,"column":68}},"line":5},"1":{"name":"(anonymous_1)","decl":{"start":{"line":6,"column":23},"end":{"line":6,"column":24}},"loc":{"start":{"line":6,"column":33},"end":{"line":6,"column":60}},"line":6},"2":{"name":"(anonymous_2)","decl":{"start":{"line":8,"column":20},"end":{"line":8,"column":21}},"loc":{"start":{"line":8,"column":30},"end":{"line":13,"column":1}},"line":8},"3":{"name":"(anonymous_3)","decl":{"start":{"line":15,"column":19},"end":{"line":15,"column":20}},"loc":{"start":{"line":15,"column":40},"end":{"line":25,"column":1}},"line":15}},"branchMap":{"0":{"loc":{"start":{"line":16,"column":4},"end":{"line":24,"column":5}},"type":"switch","locations":[{"start":{"line":17,"column":8},"end":{"line":18,"column":36}},{"start":{"line":19,"column":8},"end":{"line":19,"column":19}},{"start":{"line":20,"column":8},"end":{"line":21,"column":35}},{"start":{"line":22,"column":8},"end":{"line":23,"column":109}}],"line":16}},"s":{"0":1,"1":19,"2":1,"3":19,"4":1,"5":19,"6":19,"7":19,"8":19,"9":1,"10":19,"11":6,"12":12,"13":1},"f":{"0":19,"1":19,"2":19,"3":19},"b":{"0":[6,6,12,1]},"_coverageSchema":"1a1c01bbd47fc00a2c39e90264f33305004495a9","hash":"7230d38075a0eb5bc471df9aa3f735c02bb0f7cb"}
,"/mnt/e/Snuskin/WEB/HEXLET/frontend-project-lvl2/src/__formatters__/JSON.js": {"path":"/mnt/e/Snuskin/WEB/HEXLET/frontend-project-lvl2/src/__formatters__/JSON.js","statementMap":{"0":{"start":{"line":1,"column":25},"end":{"line":1,"column":45}}},"fnMap":{"0":{"name":"(anonymous_0)","decl":{"start":{"line":1,"column":15},"end":{"line":1,"column":16}},"loc":{"start":{"line":1,"column":25},"end":{"line":1,"column":45}},"line":1}},"branchMap":{},"s":{"0":3},"f":{"0":3},"b":{},"_coverageSchema":"1a1c01bbd47fc00a2c39e90264f33305004495a9","hash":"61bec0173bcf88b8770a30a45a2b15b0a32c9fc9"}
,"/mnt/e/Snuskin/WEB/HEXLET/frontend-project-lvl2/src/__formatters__/index.js": {"path":"/mnt/e/Snuskin/WEB/HEXLET/frontend-project-lvl2/src/__formatters__/index.js","statementMap":{"0":{"start":{"line":6,"column":4},"end":{"line":15,"column":5}},"1":{"start":{"line":8,"column":12},"end":{"line":8,"column":33}},"2":{"start":{"line":10,"column":12},"end":{"line":10,"column":32}},"3":{"start":{"line":12,"column":12},"end":{"line":12,"column":30}},"4":{"start":{"line":14,"column":12},"end":{"line":14,"column":98}}},"fnMap":{"0":{"name":"(anonymous_0)","decl":{"start":{"line":5,"column":15},"end":{"line":5,"column":16}},"loc":{"start":{"line":5,"column":33},"end":{"line":16,"column":1}},"line":5}},"branchMap":{"0":{"loc":{"start":{"line":6,"column":4},"end":{"line":15,"column":5}},"type":"switch","locations":[{"start":{"line":7,"column":8},"end":{"line":8,"column":33}},{"start":{"line":9,"column":8},"end":{"line":10,"column":32}},{"start":{"line":11,"column":8},"end":{"line":12,"column":30}},{"start":{"line":13,"column":8},"end":{"line":14,"column":98}}],"line":6}},"s":{"0":9,"1":3,"2":3,"3":3,"4":0},"f":{"0":9},"b":{"0":[3,3,3,0]},"_coverageSchema":"1a1c01bbd47fc00a2c39e90264f33305004495a9","hash":"906ef3295a734239ae29a3bd4d07bfafafc54476"}
,"/mnt/e/Snuskin/WEB/HEXLET/frontend-project-lvl2/src/__formatters__/plain.js": {"path":"/mnt/e/Snuskin/WEB/HEXLET/frontend-project-lvl2/src/__formatters__/plain.js","statementMap":{"0":{"start":{"line":3,"column":18},"end":{"line":10,"column":1}},"1":{"start":{"line":5,"column":4},"end":{"line":8,"column":5}},"2":{"start":{"line":7,"column":6},"end":{"line":7,"column":31}},"3":{"start":{"line":9,"column":4},"end":{"line":9,"column":50}},"4":{"start":{"line":12,"column":14},"end":{"line":36,"column":1}},"5":{"start":{"line":13,"column":17},"end":{"line":31,"column":8}},"6":{"start":{"line":13,"column":35},"end":{"line":31,"column":8}},"7":{"start":{"line":15,"column":21},"end":{"line":15,"column":52}},"8":{"start":{"line":17,"column":8},"end":{"line":30,"column":9}},"9":{"start":{"line":19,"column":12},"end":{"line":19,"column":89}},"10":{"start":{"line":21,"column":12},"end":{"line":21,"column":50}},"11":{"start":{"line":23,"column":12},"end":{"line":23,"column":22}},"12":{"start":{"line":25,"column":12},"end":{"line":25,"column":121}},"13":{"start":{"line":27,"column":12},"end":{"line":27,"column":63}},"14":{"start":{"line":29,"column":12},"end":{"line":29,"column":64}},"15":{"start":{"line":33,"column":24},"end":{"line":33,"column":38}},"16":{"start":{"line":35,"column":6},"end":{"line":35,"column":39}}},"fnMap":{"0":{"name":"(anonymous_0)","decl":{"start":{"line":3,"column":18},"end":{"line":3,"column":19}},"loc":{"start":{"line":3,"column":28},"end":{"line":10,"column":1}},"line":3},"1":{"name":"(anonymous_1)","decl":{"start":{"line":12,"column":14},"end":{"line":12,"column":15}},"loc":{"start":{"line":12,"column":24},"end":{"line":36,"column":1}},"line":12},"2":{"name":"(anonymous_2)","decl":{"start":{"line":13,"column":17},"end":{"line":13,"column":18}},"loc":{"start":{"line":13,"column":35},"end":{"line":31,"column":8}},"line":13},"3":{"name":"(anonymous_3)","decl":{"start":{"line":13,"column":48},"end":{"line":13,"column":49}},"loc":{"start":{"line":13,"column":58},"end":{"line":31,"column":7}},"line":13}},"branchMap":{"0":{"loc":{"start":{"line":5,"column":4},"end":{"line":8,"column":5}},"type":"if","locations":[{"start":{"line":5,"column":4},"end":{"line":8,"column":5}},{"start":{},"end":{}}],"line":5},"1":{"loc":{"start":{"line":9,"column":11},"end":{"line":9,"column":49}},"type":"cond-expr","locations":[{"start":{"line":9,"column":30},"end":{"line":9,"column":42}},{"start":{"line":9,"column":45},"end":{"line":9,"column":49}}],"line":9},"2":{"loc":{"start":{"line":17,"column":8},"end":{"line":30,"column":9}},"type":"switch","locations":[{"start":{"line":18,"column":10},"end":{"line":19,"column":89}},{"start":{"line":20,"column":10},"end":{"line":21,"column":50}},{"start":{"line":22,"column":10},"end":{"line":23,"column":22}},{"start":{"line":24,"column":10},"end":{"line":25,"column":121}},{"start":{"line":26,"column":10},"end":{"line":27,"column":63}},{"start":{"line":28,"column":10},"end":{"line":29,"column":64}}],"line":17}},"s":{"0":1,"1":39,"2":9,"3":30,"4":1,"5":3,"6":15,"7":54,"8":54,"9":15,"10":6,"11":9,"12":12,"13":12,"14":0,"15":3,"16":3},"f":{"0":39,"1":3,"2":15,"3":54},"b":{"0":[9,30],"1":[21,9],"2":[15,6,9,12,12,0]},"_coverageSchema":"1a1c01bbd47fc00a2c39e90264f33305004495a9","hash":"6bff4174151053cb4a45e986e50574a6fc8f20b9"}
,"/mnt/e/Snuskin/WEB/HEXLET/frontend-project-lvl2/src/__formatters__/stylish.js": {"path":"/mnt/e/Snuskin/WEB/HEXLET/frontend-project-lvl2/src/__formatters__/stylish.js","statementMap":{"0":{"start":{"line":3,"column":18},"end":{"line":17,"column":1}},"1":{"start":{"line":5,"column":2},"end":{"line":8,"column":3}},"2":{"start":{"line":7,"column":4},"end":{"line":7,"column":24}},"3":{"start":{"line":10,"column":23},"end":{"line":10,"column":49}},"4":{"start":{"line":11,"column":23},"end":{"line":11,"column":45}},"5":{"start":{"line":12,"column":23},"end":{"line":12,"column":43}},"6":{"start":{"line":13,"column":16},"end":{"line":13,"column":117}},"7":{"start":{"line":13,"column":51},"end":{"line":13,"column":116}},"8":{"start":{"line":15,"column":2},"end":{"line":15,"column":56}},"9":{"start":{"line":19,"column":13},"end":{"line":23,"column":1}},"10":{"start":{"line":25,"column":16},"end":{"line":53,"column":1}},"11":{"start":{"line":26,"column":15},"end":{"line":48,"column":4}},"12":{"start":{"line":26,"column":32},"end":{"line":48,"column":4}},"13":{"start":{"line":28,"column":19},"end":{"line":28,"column":41}},"14":{"start":{"line":29,"column":25},"end":{"line":29,"column":40}},"15":{"start":{"line":31,"column":21},"end":{"line":31,"column":122}},"16":{"start":{"line":31,"column":43},"end":{"line":31,"column":122}},"17":{"start":{"line":33,"column":4},"end":{"line":47,"column":5}},"18":{"start":{"line":35,"column":8},"end":{"line":35,"column":54}},"19":{"start":{"line":37,"column":8},"end":{"line":37,"column":57}},"20":{"start":{"line":39,"column":8},"end":{"line":39,"column":60}},"21":{"start":{"line":41,"column":8},"end":{"line":42,"column":63}},"22":{"start":{"line":44,"column":8},"end":{"line":44,"column":108}},"23":{"start":{"line":46,"column":8},"end":{"line":46,"column":60}},"24":{"start":{"line":50,"column":22},"end":{"line":50,"column":41}},"25":{"start":{"line":52,"column":2},"end":{"line":52,"column":47}}},"fnMap":{"0":{"name":"(anonymous_0)","decl":{"start":{"line":3,"column":18},"end":{"line":3,"column":19}},"loc":{"start":{"line":3,"column":51},"end":{"line":17,"column":1}},"line":3},"1":{"name":"(anonymous_1)","decl":{"start":{"line":13,"column":33},"end":{"line":13,"column":34}},"loc":{"start":{"line":13,"column":51},"end":{"line":13,"column":116}},"line":13},"2":{"name":"(anonymous_2)","decl":{"start":{"line":25,"column":16},"end":{"line":25,"column":17}},"loc":{"start":{"line":25,"column":51},"end":{"line":53,"column":1}},"line":25},"3":{"name":"(anonymous_3)","decl":{"start":{"line":26,"column":15},"end":{"line":26,"column":16}},"loc":{"start":{"line":26,"column":32},"end":{"line":48,"column":4}},"line":26},"4":{"name":"(anonymous_4)","decl":{"start":{"line":26,"column":41},"end":{"line":26,"column":42}},"loc":{"start":{"line":26,"column":51},"end":{"line":48,"column":3}},"line":26},"5":{"name":"(anonymous_5)","decl":{"start":{"line":31,"column":21},"end":{"line":31,"column":22}},"loc":{"start":{"line":31,"column":43},"end":{"line":31,"column":122}},"line":31}},"branchMap":{"0":{"loc":{"start":{"line":3,"column":32},"end":{"line":3,"column":46}},"type":"default-arg","locations":[{"start":{"line":3,"column":43},"end":{"line":3,"column":46}}],"line":3},"1":{"loc":{"start":{"line":5,"column":2},"end":{"line":8,"column":3}},"type":"if","locations":[{"start":{"line":5,"column":2},"end":{"line":8,"column":3}},{"start":{},"end":{}}],"line":5},"2":{"loc":{"start":{"line":25,"column":29},"end":{"line":25,"column":46}},"type":"default-arg","locations":[{"start":{"line":25,"column":40},"end":{"line":25,"column":46}}],"line":25},"3":{"loc":{"start":{"line":33,"column":4},"end":{"line":47,"column":5}},"type":"switch","locations":[{"start":{"line":34,"column":6},"end":{"line":35,"column":54}},{"start":{"line":36,"column":6},"end":{"line":37,"column":57}},{"start":{"line":38,"column":6},"end":{"line":39,"column":60}},{"start":{"line":40,"column":6},"end":{"line":42,"column":63}},{"start":{"line":43,"column":6},"end":{"line":44,"column":108}},{"start":{"line":45,"column":6},"end":{"line":46,"column":60}}],"line":33}},"s":{"0":1,"1":81,"2":60,"3":21,"4":21,"5":21,"6":21,"7":27,"8":21,"9":1,"10":1,"11":3,"12":15,"13":54,"14":54,"15":54,"16":54,"17":54,"18":15,"19":6,"20":9,"21":12,"22":12,"23":0,"24":3,"25":3},"f":{"0":81,"1":27,"2":3,"3":15,"4":54,"5":54},"b":{"0":[0],"1":[60,21],"2":[3],"3":[15,6,9,12,12,0]},"_coverageSchema":"1a1c01bbd47fc00a2c39e90264f33305004495a9","hash":"5c2f65a37dfdfb763ba0f8becbf77ee353f29bcb"}
}
