{"/mnt/e/Snuskin/WEB/HEXLET/frontend-project-lvl2/src/buildTree.js": {"path":"/mnt/e/Snuskin/WEB/HEXLET/frontend-project-lvl2/src/buildTree.js","all":false,"statementMap":{"0":{"start":{"line":1,"column":0},"end":{"line":1,"column":23}},"1":{"start":{"line":2,"column":0},"end":{"line":2,"column":37}},"2":{"start":{"line":3,"column":0},"end":{"line":3,"column":0}},"3":{"start":{"line":4,"column":0},"end":{"line":4,"column":40}},"4":{"start":{"line":5,"column":0},"end":{"line":5,"column":41}},"5":{"start":{"line":6,"column":0},"end":{"line":6,"column":72}},"6":{"start":{"line":7,"column":0},"end":{"line":7,"column":2}},"7":{"start":{"line":8,"column":0},"end":{"line":8,"column":42}},"8":{"start":{"line":9,"column":0},"end":{"line":9,"column":31}},"9":{"start":{"line":10,"column":0},"end":{"line":10,"column":93}},"10":{"start":{"line":11,"column":0},"end":{"line":11,"column":7}},"11":{"start":{"line":12,"column":0},"end":{"line":12,"column":31}},"12":{"start":{"line":13,"column":0},"end":{"line":13,"column":95}},"13":{"start":{"line":14,"column":0},"end":{"line":14,"column":7}},"14":{"start":{"line":15,"column":0},"end":{"line":15,"column":0}},"15":{"start":{"line":16,"column":0},"end":{"line":16,"column":61}},"16":{"start":{"line":17,"column":0},"end":{"line":17,"column":130}},"17":{"start":{"line":18,"column":0},"end":{"line":18,"column":7}},"18":{"start":{"line":19,"column":0},"end":{"line":19,"column":0}},"19":{"start":{"line":20,"column":0},"end":{"line":20,"column":47}},"20":{"start":{"line":21,"column":0},"end":{"line":21,"column":101}},"21":{"start":{"line":22,"column":0},"end":{"line":22,"column":7}},"22":{"start":{"line":23,"column":0},"end":{"line":23,"column":0}},"23":{"start":{"line":24,"column":0},"end":{"line":24,"column":96}},"24":{"start":{"line":25,"column":0},"end":{"line":25,"column":6}},"25":{"start":{"line":26,"column":0},"end":{"line":26,"column":2}},"26":{"start":{"line":27,"column":0},"end":{"line":27,"column":15}},"27":{"start":{"line":28,"column":0},"end":{"line":28,"column":2}},"28":{"start":{"line":29,"column":0},"end":{"line":29,"column":0}},"29":{"start":{"line":30,"column":0},"end":{"line":30,"column":0}},"30":{"start":{"line":31,"column":0},"end":{"line":31,"column":25}}},"s":{"0":1,"1":1,"2":45,"3":45,"4":45,"5":45,"6":45,"7":45,"8":162,"9":45,"10":45,"11":162,"12":18,"13":18,"14":99,"15":162,"16":36,"17":36,"18":63,"19":162,"20":36,"21":36,"22":27,"23":27,"24":45,"25":45,"26":45,"27":45,"28":1,"29":1,"30":1},"branchMap":{"0":{"type":"branch","line":2,"loc":{"start":{"line":2,"column":18},"end":{"line":28,"column":2}},"locations":[{"start":{"line":2,"column":18},"end":{"line":28,"column":2}}]},"1":{"type":"branch","line":8,"loc":{"start":{"line":8,"column":33},"end":{"line":25,"column":5}},"locations":[{"start":{"line":8,"column":33},"end":{"line":25,"column":5}}]},"2":{"type":"branch","line":9,"loc":{"start":{"line":9,"column":30},"end":{"line":11,"column":7}},"locations":[{"start":{"line":9,"column":30},"end":{"line":11,"column":7}}]},"3":{"type":"branch","line":11,"loc":{"start":{"line":11,"column":6},"end":{"line":12,"column":30}},"locations":[{"start":{"line":11,"column":6},"end":{"line":12,"column":30}}]},"4":{"type":"branch","line":12,"loc":{"start":{"line":12,"column":30},"end":{"line":14,"column":7}},"locations":[{"start":{"line":12,"column":30},"end":{"line":14,"column":7}}]},"5":{"type":"branch","line":14,"loc":{"start":{"line":14,"column":6},"end":{"line":16,"column":36}},"locations":[{"start":{"line":14,"column":6},"end":{"line":16,"column":36}}]},"6":{"type":"branch","line":16,"loc":{"start":{"line":16,"column":32},"end":{"line":16,"column":58}},"locations":[{"start":{"line":16,"column":32},"end":{"line":16,"column":58}}]},"7":{"type":"branch","line":16,"loc":{"start":{"line":16,"column":60},"end":{"line":18,"column":7}},"locations":[{"start":{"line":16,"column":60},"end":{"line":18,"column":7}}]},"8":{"type":"branch","line":18,"loc":{"start":{"line":18,"column":6},"end":{"line":20,"column":46}},"locations":[{"start":{"line":18,"column":6},"end":{"line":20,"column":46}}]},"9":{"type":"branch","line":20,"loc":{"start":{"line":20,"column":46},"end":{"line":22,"column":7}},"locations":[{"start":{"line":20,"column":46},"end":{"line":22,"column":7}}]},"10":{"type":"branch","line":22,"loc":{"start":{"line":22,"column":6},"end":{"line":25,"column":5}},"locations":[{"start":{"line":22,"column":6},"end":{"line":25,"column":5}}]}},"b":{"0":[45],"1":[162],"2":[45],"3":[117],"4":[18],"5":[99],"6":[45],"7":[36],"8":[63],"9":[36],"10":[27]},"fnMap":{"0":{"name":"buildTree","decl":{"start":{"line":2,"column":18},"end":{"line":28,"column":2}},"loc":{"start":{"line":2,"column":18},"end":{"line":28,"column":2}},"line":2}},"f":{"0":45}}
,"/mnt/e/Snuskin/WEB/HEXLET/frontend-project-lvl2/src/index.js": {"path":"/mnt/e/Snuskin/WEB/HEXLET/frontend-project-lvl2/src/index.js","all":false,"statementMap":{"0":{"start":{"line":1,"column":0},"end":{"line":1,"column":38}},"1":{"start":{"line":2,"column":0},"end":{"line":2,"column":39}},"2":{"start":{"line":3,"column":0},"end":{"line":3,"column":23}},"3":{"start":{"line":4,"column":0},"end":{"line":4,"column":49}},"4":{"start":{"line":5,"column":0},"end":{"line":5,"column":0}},"5":{"start":{"line":6,"column":0},"end":{"line":6,"column":63}},"6":{"start":{"line":7,"column":0},"end":{"line":7,"column":0}},"7":{"start":{"line":8,"column":0},"end":{"line":8,"column":49}},"8":{"start":{"line":9,"column":0},"end":{"line":9,"column":49}},"9":{"start":{"line":10,"column":0},"end":{"line":10,"column":67}},"10":{"start":{"line":11,"column":0},"end":{"line":11,"column":0}},"11":{"start":{"line":12,"column":0},"end":{"line":12,"column":41}},"12":{"start":{"line":13,"column":0},"end":{"line":13,"column":2}},"13":{"start":{"line":14,"column":0},"end":{"line":14,"column":0}},"14":{"start":{"line":15,"column":0},"end":{"line":15,"column":23}}},"s":{"0":1,"1":1,"2":1,"3":1,"4":1,"5":1,"6":10,"7":10,"8":10,"9":10,"10":10,"11":10,"12":10,"13":1,"14":1},"branchMap":{"0":{"type":"branch","line":6,"loc":{"start":{"line":6,"column":16},"end":{"line":13,"column":2}},"locations":[{"start":{"line":6,"column":16},"end":{"line":13,"column":2}}]}},"b":{"0":[10]},"fnMap":{"0":{"name":"genDiff","decl":{"start":{"line":6,"column":16},"end":{"line":13,"column":2}},"loc":{"start":{"line":6,"column":16},"end":{"line":13,"column":2}},"line":6}},"f":{"0":10}}
,"/mnt/e/Snuskin/WEB/HEXLET/frontend-project-lvl2/src/parser.js": {"path":"/mnt/e/Snuskin/WEB/HEXLET/frontend-project-lvl2/src/parser.js","all":false,"statementMap":{"0":{"start":{"line":1,"column":0},"end":{"line":1,"column":34}},"1":{"start":{"line":2,"column":0},"end":{"line":2,"column":27}},"2":{"start":{"line":3,"column":0},"end":{"line":3,"column":24}},"3":{"start":{"line":4,"column":0},"end":{"line":4,"column":0}},"4":{"start":{"line":5,"column":0},"end":{"line":5,"column":69}},"5":{"start":{"line":6,"column":0},"end":{"line":6,"column":61}},"6":{"start":{"line":7,"column":0},"end":{"line":7,"column":0}},"7":{"start":{"line":8,"column":0},"end":{"line":8,"column":31}},"8":{"start":{"line":9,"column":0},"end":{"line":9,"column":45}},"9":{"start":{"line":10,"column":0},"end":{"line":10,"column":43}},"10":{"start":{"line":11,"column":0},"end":{"line":11,"column":54}},"11":{"start":{"line":12,"column":0},"end":{"line":12,"column":43}},"12":{"start":{"line":13,"column":0},"end":{"line":13,"column":2}},"13":{"start":{"line":14,"column":0},"end":{"line":14,"column":0}},"14":{"start":{"line":15,"column":0},"end":{"line":15,"column":41}},"15":{"start":{"line":16,"column":0},"end":{"line":16,"column":24}},"16":{"start":{"line":17,"column":0},"end":{"line":17,"column":20}},"17":{"start":{"line":18,"column":0},"end":{"line":18,"column":36}},"18":{"start":{"line":19,"column":0},"end":{"line":19,"column":19}},"19":{"start":{"line":20,"column":0},"end":{"line":20,"column":20}},"20":{"start":{"line":21,"column":0},"end":{"line":21,"column":35}},"21":{"start":{"line":22,"column":0},"end":{"line":22,"column":16}},"22":{"start":{"line":23,"column":0},"end":{"line":23,"column":109}},"23":{"start":{"line":24,"column":0},"end":{"line":24,"column":5}},"24":{"start":{"line":25,"column":0},"end":{"line":25,"column":2}},"25":{"start":{"line":26,"column":0},"end":{"line":26,"column":27}}},"s":{"0":1,"1":1,"2":1,"3":1,"4":1,"5":1,"6":1,"7":1,"8":19,"9":19,"10":19,"11":19,"12":19,"13":1,"14":1,"15":19,"16":19,"17":6,"18":19,"19":19,"20":12,"21":19,"22":1,"23":19,"24":19,"25":1},"branchMap":{"0":{"type":"branch","line":5,"loc":{"start":{"line":5,"column":25},"end":{"line":5,"column":68}},"locations":[{"start":{"line":5,"column":25},"end":{"line":5,"column":68}}]},"1":{"type":"branch","line":6,"loc":{"start":{"line":6,"column":24},"end":{"line":6,"column":60}},"locations":[{"start":{"line":6,"column":24},"end":{"line":6,"column":60}}]},"2":{"type":"branch","line":8,"loc":{"start":{"line":8,"column":21},"end":{"line":13,"column":2}},"locations":[{"start":{"line":8,"column":21},"end":{"line":13,"column":2}}]},"3":{"type":"branch","line":15,"loc":{"start":{"line":15,"column":19},"end":{"line":25,"column":2}},"locations":[{"start":{"line":15,"column":19},"end":{"line":25,"column":2}}]},"4":{"type":"branch","line":17,"loc":{"start":{"line":17,"column":8},"end":{"line":18,"column":36}},"locations":[{"start":{"line":17,"column":8},"end":{"line":18,"column":36}}]},"5":{"type":"branch","line":19,"loc":{"start":{"line":19,"column":8},"end":{"line":19,"column":19}},"locations":[{"start":{"line":19,"column":8},"end":{"line":19,"column":19}}]},"6":{"type":"branch","line":20,"loc":{"start":{"line":20,"column":8},"end":{"line":21,"column":35}},"locations":[{"start":{"line":20,"column":8},"end":{"line":21,"column":35}}]},"7":{"type":"branch","line":22,"loc":{"start":{"line":22,"column":8},"end":{"line":23,"column":109}},"locations":[{"start":{"line":22,"column":8},"end":{"line":23,"column":109}}]}},"b":{"0":[19],"1":[19],"2":[19],"3":[19],"4":[6],"5":[6],"6":[12],"7":[1]},"fnMap":{"0":{"name":"getAbsolutePath","decl":{"start":{"line":5,"column":25},"end":{"line":5,"column":68}},"loc":{"start":{"line":5,"column":25},"end":{"line":5,"column":68}},"line":5},"1":{"name":"getFileExtname","decl":{"start":{"line":6,"column":24},"end":{"line":6,"column":60}},"loc":{"start":{"line":6,"column":24},"end":{"line":6,"column":60}},"line":6},"2":{"name":"getFileInfo","decl":{"start":{"line":8,"column":21},"end":{"line":13,"column":2}},"loc":{"start":{"line":8,"column":21},"end":{"line":13,"column":2}},"line":8},"3":{"name":"getContent","decl":{"start":{"line":15,"column":19},"end":{"line":25,"column":2}},"loc":{"start":{"line":15,"column":19},"end":{"line":25,"column":2}},"line":15}},"f":{"0":19,"1":19,"2":19,"3":19}}
,"/mnt/e/Snuskin/WEB/HEXLET/frontend-project-lvl2/src/__formatters__/JSON.js": {"path":"/mnt/e/Snuskin/WEB/HEXLET/frontend-project-lvl2/src/__formatters__/JSON.js","all":false,"statementMap":{"0":{"start":{"line":1,"column":0},"end":{"line":1,"column":46}}},"s":{"0":1},"branchMap":{"0":{"type":"branch","line":1,"loc":{"start":{"line":1,"column":16},"end":{"line":1,"column":45}},"locations":[{"start":{"line":1,"column":16},"end":{"line":1,"column":45}}]}},"b":{"0":[3]},"fnMap":{"0":{"name":"default","decl":{"start":{"line":1,"column":16},"end":{"line":1,"column":45}},"loc":{"start":{"line":1,"column":16},"end":{"line":1,"column":45}},"line":1}},"f":{"0":3}}
,"/mnt/e/Snuskin/WEB/HEXLET/frontend-project-lvl2/src/__formatters__/index.js": {"path":"/mnt/e/Snuskin/WEB/HEXLET/frontend-project-lvl2/src/__formatters__/index.js","all":false,"statementMap":{"0":{"start":{"line":1,"column":0},"end":{"line":1,"column":34}},"1":{"start":{"line":2,"column":0},"end":{"line":2,"column":30}},"2":{"start":{"line":3,"column":0},"end":{"line":3,"column":29}},"3":{"start":{"line":4,"column":0},"end":{"line":4,"column":0}},"4":{"start":{"line":5,"column":0},"end":{"line":5,"column":34}},"5":{"start":{"line":6,"column":0},"end":{"line":6,"column":21}},"6":{"start":{"line":7,"column":0},"end":{"line":7,"column":23}},"7":{"start":{"line":8,"column":0},"end":{"line":8,"column":33}},"8":{"start":{"line":9,"column":0},"end":{"line":9,"column":21}},"9":{"start":{"line":10,"column":0},"end":{"line":10,"column":32}},"10":{"start":{"line":11,"column":0},"end":{"line":11,"column":20}},"11":{"start":{"line":12,"column":0},"end":{"line":12,"column":30}},"12":{"start":{"line":13,"column":0},"end":{"line":13,"column":16}},"13":{"start":{"line":14,"column":0},"end":{"line":14,"column":98}},"14":{"start":{"line":15,"column":0},"end":{"line":15,"column":5}},"15":{"start":{"line":16,"column":0},"end":{"line":16,"column":1}}},"s":{"0":1,"1":1,"2":1,"3":1,"4":1,"5":9,"6":9,"7":3,"8":9,"9":3,"10":9,"11":3,"12":9,"13":0,"14":9,"15":9},"branchMap":{"0":{"type":"branch","line":5,"loc":{"start":{"line":5,"column":15},"end":{"line":16,"column":1}},"locations":[{"start":{"line":5,"column":15},"end":{"line":16,"column":1}}]},"1":{"type":"branch","line":7,"loc":{"start":{"line":7,"column":8},"end":{"line":8,"column":33}},"locations":[{"start":{"line":7,"column":8},"end":{"line":8,"column":33}}]},"2":{"type":"branch","line":9,"loc":{"start":{"line":9,"column":8},"end":{"line":10,"column":32}},"locations":[{"start":{"line":9,"column":8},"end":{"line":10,"column":32}}]},"3":{"type":"branch","line":11,"loc":{"start":{"line":11,"column":8},"end":{"line":12,"column":30}},"locations":[{"start":{"line":11,"column":8},"end":{"line":12,"column":30}}]},"4":{"type":"branch","line":13,"loc":{"start":{"line":13,"column":8},"end":{"line":14,"column":98}},"locations":[{"start":{"line":13,"column":8},"end":{"line":14,"column":98}}]}},"b":{"0":[9],"1":[3],"2":[3],"3":[3],"4":[0]},"fnMap":{"0":{"name":"default","decl":{"start":{"line":5,"column":15},"end":{"line":16,"column":1}},"loc":{"start":{"line":5,"column":15},"end":{"line":16,"column":1}},"line":5}},"f":{"0":9}}
,"/mnt/e/Snuskin/WEB/HEXLET/frontend-project-lvl2/src/__formatters__/plain.js": {"path":"/mnt/e/Snuskin/WEB/HEXLET/frontend-project-lvl2/src/__formatters__/plain.js","all":false,"statementMap":{"0":{"start":{"line":1,"column":0},"end":{"line":1,"column":22}},"1":{"start":{"line":2,"column":0},"end":{"line":2,"column":0}},"2":{"start":{"line":3,"column":0},"end":{"line":3,"column":29}},"3":{"start":{"line":4,"column":0},"end":{"line":4,"column":0}},"4":{"start":{"line":5,"column":0},"end":{"line":5,"column":27}},"5":{"start":{"line":6,"column":0},"end":{"line":6,"column":4}},"6":{"start":{"line":7,"column":0},"end":{"line":7,"column":31}},"7":{"start":{"line":8,"column":0},"end":{"line":8,"column":6}},"8":{"start":{"line":9,"column":0},"end":{"line":9,"column":50}},"9":{"start":{"line":10,"column":0},"end":{"line":10,"column":2}},"10":{"start":{"line":11,"column":0},"end":{"line":11,"column":0}},"11":{"start":{"line":12,"column":0},"end":{"line":12,"column":25}},"12":{"start":{"line":13,"column":0},"end":{"line":13,"column":59}},"13":{"start":{"line":14,"column":0},"end":{"line":14,"column":0}},"14":{"start":{"line":15,"column":0},"end":{"line":15,"column":52}},"15":{"start":{"line":16,"column":0},"end":{"line":16,"column":4}},"16":{"start":{"line":17,"column":0},"end":{"line":17,"column":29}},"17":{"start":{"line":18,"column":0},"end":{"line":18,"column":23}},"18":{"start":{"line":19,"column":0},"end":{"line":19,"column":89}},"19":{"start":{"line":20,"column":0},"end":{"line":20,"column":25}},"20":{"start":{"line":21,"column":0},"end":{"line":21,"column":50}},"21":{"start":{"line":22,"column":0},"end":{"line":22,"column":28}},"22":{"start":{"line":23,"column":0},"end":{"line":23,"column":23}},"23":{"start":{"line":24,"column":0},"end":{"line":24,"column":25}},"24":{"start":{"line":25,"column":0},"end":{"line":25,"column":121}},"25":{"start":{"line":26,"column":0},"end":{"line":26,"column":24}},"26":{"start":{"line":27,"column":0},"end":{"line":27,"column":63}},"27":{"start":{"line":28,"column":0},"end":{"line":28,"column":18}},"28":{"start":{"line":29,"column":0},"end":{"line":29,"column":64}},"29":{"start":{"line":30,"column":0},"end":{"line":30,"column":9}},"30":{"start":{"line":31,"column":0},"end":{"line":31,"column":9}},"31":{"start":{"line":32,"column":0},"end":{"line":32,"column":0}},"32":{"start":{"line":33,"column":0},"end":{"line":33,"column":39}},"33":{"start":{"line":34,"column":0},"end":{"line":34,"column":0}},"34":{"start":{"line":35,"column":0},"end":{"line":35,"column":39}},"35":{"start":{"line":36,"column":0},"end":{"line":36,"column":2}},"36":{"start":{"line":37,"column":0},"end":{"line":37,"column":0}},"37":{"start":{"line":38,"column":0},"end":{"line":38,"column":20}}},"s":{"0":1,"1":1,"2":1,"3":39,"4":39,"5":9,"6":9,"7":9,"8":39,"9":39,"10":1,"11":1,"12":3,"13":54,"14":54,"15":54,"16":54,"17":54,"18":15,"19":54,"20":6,"21":54,"22":9,"23":54,"24":12,"25":54,"26":12,"27":54,"28":0,"29":54,"30":3,"31":3,"32":3,"33":3,"34":3,"35":3,"36":1,"37":1},"branchMap":{"0":{"type":"branch","line":3,"loc":{"start":{"line":3,"column":19},"end":{"line":10,"column":2}},"locations":[{"start":{"line":3,"column":19},"end":{"line":10,"column":2}}]},"1":{"type":"branch","line":5,"loc":{"start":{"line":5,"column":26},"end":{"line":8,"column":6}},"locations":[{"start":{"line":5,"column":26},"end":{"line":8,"column":6}}]},"2":{"type":"branch","line":8,"loc":{"start":{"line":8,"column":4},"end":{"line":9,"column":30}},"locations":[{"start":{"line":8,"column":4},"end":{"line":9,"column":30}}]},"3":{"type":"branch","line":9,"loc":{"start":{"line":9,"column":27},"end":{"line":9,"column":42}},"locations":[{"start":{"line":9,"column":27},"end":{"line":9,"column":42}}]},"4":{"type":"branch","line":9,"loc":{"start":{"line":9,"column":42},"end":{"line":9,"column":49}},"locations":[{"start":{"line":9,"column":42},"end":{"line":9,"column":49}}]},"5":{"type":"branch","line":12,"loc":{"start":{"line":12,"column":15},"end":{"line":36,"column":2}},"locations":[{"start":{"line":12,"column":15},"end":{"line":36,"column":2}}]},"6":{"type":"branch","line":13,"loc":{"start":{"line":13,"column":17},"end":{"line":31,"column":8}},"locations":[{"start":{"line":13,"column":17},"end":{"line":31,"column":8}}]},"7":{"type":"branch","line":13,"loc":{"start":{"line":13,"column":49},"end":{"line":31,"column":7}},"locations":[{"start":{"line":13,"column":49},"end":{"line":31,"column":7}}]},"8":{"type":"branch","line":18,"loc":{"start":{"line":18,"column":10},"end":{"line":19,"column":89}},"locations":[{"start":{"line":18,"column":10},"end":{"line":19,"column":89}}]},"9":{"type":"branch","line":20,"loc":{"start":{"line":20,"column":10},"end":{"line":21,"column":50}},"locations":[{"start":{"line":20,"column":10},"end":{"line":21,"column":50}}]},"10":{"type":"branch","line":22,"loc":{"start":{"line":22,"column":10},"end":{"line":23,"column":23}},"locations":[{"start":{"line":22,"column":10},"end":{"line":23,"column":23}}]},"11":{"type":"branch","line":24,"loc":{"start":{"line":24,"column":10},"end":{"line":25,"column":121}},"locations":[{"start":{"line":24,"column":10},"end":{"line":25,"column":121}}]},"12":{"type":"branch","line":26,"loc":{"start":{"line":26,"column":10},"end":{"line":27,"column":63}},"locations":[{"start":{"line":26,"column":10},"end":{"line":27,"column":63}}]},"13":{"type":"branch","line":28,"loc":{"start":{"line":28,"column":10},"end":{"line":29,"column":64}},"locations":[{"start":{"line":28,"column":10},"end":{"line":29,"column":64}}]}},"b":{"0":[39],"1":[9],"2":[30],"3":[21],"4":[9],"5":[3],"6":[15],"7":[54],"8":[15],"9":[6],"10":[9],"11":[12],"12":[12],"13":[0]},"fnMap":{"0":{"name":"stringify","decl":{"start":{"line":3,"column":19},"end":{"line":10,"column":2}},"loc":{"start":{"line":3,"column":19},"end":{"line":10,"column":2}},"line":3},"1":{"name":"plain","decl":{"start":{"line":12,"column":15},"end":{"line":36,"column":2}},"loc":{"start":{"line":12,"column":15},"end":{"line":36,"column":2}},"line":12},"2":{"name":"iter","decl":{"start":{"line":13,"column":17},"end":{"line":31,"column":8}},"loc":{"start":{"line":13,"column":17},"end":{"line":31,"column":8}},"line":13}},"f":{"0":39,"1":3,"2":15}}
,"/mnt/e/Snuskin/WEB/HEXLET/frontend-project-lvl2/src/__formatters__/stylish.js": {"path":"/mnt/e/Snuskin/WEB/HEXLET/frontend-project-lvl2/src/__formatters__/stylish.js","all":false,"statementMap":{"0":{"start":{"line":1,"column":0},"end":{"line":1,"column":22}},"1":{"start":{"line":2,"column":0},"end":{"line":2,"column":0}},"2":{"start":{"line":3,"column":0},"end":{"line":3,"column":52}},"3":{"start":{"line":4,"column":0},"end":{"line":4,"column":0}},"4":{"start":{"line":5,"column":0},"end":{"line":5,"column":26}},"5":{"start":{"line":6,"column":0},"end":{"line":6,"column":2}},"6":{"start":{"line":7,"column":0},"end":{"line":7,"column":24}},"7":{"start":{"line":8,"column":0},"end":{"line":8,"column":4}},"8":{"start":{"line":9,"column":0},"end":{"line":9,"column":2}},"9":{"start":{"line":10,"column":0},"end":{"line":10,"column":49}},"10":{"start":{"line":11,"column":0},"end":{"line":11,"column":46}},"11":{"start":{"line":12,"column":0},"end":{"line":12,"column":44}},"12":{"start":{"line":13,"column":0},"end":{"line":13,"column":118}},"13":{"start":{"line":14,"column":0},"end":{"line":14,"column":2}},"14":{"start":{"line":15,"column":0},"end":{"line":15,"column":57}},"15":{"start":{"line":16,"column":0},"end":{"line":16,"column":4}},"16":{"start":{"line":17,"column":0},"end":{"line":17,"column":2}},"17":{"start":{"line":18,"column":0},"end":{"line":18,"column":0}},"18":{"start":{"line":19,"column":0},"end":{"line":19,"column":14}},"19":{"start":{"line":20,"column":0},"end":{"line":20,"column":13}},"20":{"start":{"line":21,"column":0},"end":{"line":21,"column":15}},"21":{"start":{"line":22,"column":0},"end":{"line":22,"column":18}},"22":{"start":{"line":23,"column":0},"end":{"line":23,"column":2}},"23":{"start":{"line":24,"column":0},"end":{"line":24,"column":0}},"24":{"start":{"line":25,"column":0},"end":{"line":25,"column":52}},"25":{"start":{"line":26,"column":0},"end":{"line":26,"column":52}},"26":{"start":{"line":27,"column":0},"end":{"line":27,"column":0}},"27":{"start":{"line":28,"column":0},"end":{"line":28,"column":42}},"28":{"start":{"line":29,"column":0},"end":{"line":29,"column":41}},"29":{"start":{"line":30,"column":0},"end":{"line":30,"column":0}},"30":{"start":{"line":31,"column":0},"end":{"line":31,"column":123}},"31":{"start":{"line":32,"column":0},"end":{"line":32,"column":0}},"32":{"start":{"line":33,"column":0},"end":{"line":33,"column":25}},"33":{"start":{"line":34,"column":0},"end":{"line":34,"column":19}},"34":{"start":{"line":35,"column":0},"end":{"line":35,"column":54}},"35":{"start":{"line":36,"column":0},"end":{"line":36,"column":21}},"36":{"start":{"line":37,"column":0},"end":{"line":37,"column":57}},"37":{"start":{"line":38,"column":0},"end":{"line":38,"column":24}},"38":{"start":{"line":39,"column":0},"end":{"line":39,"column":61}},"39":{"start":{"line":40,"column":0},"end":{"line":40,"column":21}},"40":{"start":{"line":41,"column":0},"end":{"line":41,"column":62}},"41":{"start":{"line":42,"column":0},"end":{"line":42,"column":63}},"42":{"start":{"line":43,"column":0},"end":{"line":43,"column":20}},"43":{"start":{"line":44,"column":0},"end":{"line":44,"column":108}},"44":{"start":{"line":45,"column":0},"end":{"line":45,"column":14}},"45":{"start":{"line":46,"column":0},"end":{"line":46,"column":60}},"46":{"start":{"line":47,"column":0},"end":{"line":47,"column":5}},"47":{"start":{"line":48,"column":0},"end":{"line":48,"column":5}},"48":{"start":{"line":49,"column":0},"end":{"line":49,"column":0}},"49":{"start":{"line":50,"column":0},"end":{"line":50,"column":42}},"50":{"start":{"line":51,"column":0},"end":{"line":51,"column":2}},"51":{"start":{"line":52,"column":0},"end":{"line":52,"column":47}},"52":{"start":{"line":53,"column":0},"end":{"line":53,"column":1}},"53":{"start":{"line":54,"column":0},"end":{"line":54,"column":25}}},"s":{"0":1,"1":1,"2":1,"3":81,"4":81,"5":60,"6":60,"7":81,"8":21,"9":21,"10":21,"11":21,"12":21,"13":21,"14":21,"15":21,"16":21,"17":1,"18":1,"19":1,"20":1,"21":1,"22":1,"23":1,"24":1,"25":3,"26":54,"27":54,"28":54,"29":54,"30":54,"31":54,"32":54,"33":54,"34":15,"35":54,"36":6,"37":54,"38":9,"39":54,"40":12,"41":12,"42":54,"43":12,"44":54,"45":0,"46":54,"47":3,"48":3,"49":3,"50":3,"51":3,"52":3,"53":1},"branchMap":{"0":{"type":"branch","line":3,"loc":{"start":{"line":3,"column":18},"end":{"line":17,"column":2}},"locations":[{"start":{"line":3,"column":18},"end":{"line":17,"column":2}}]},"1":{"type":"branch","line":5,"loc":{"start":{"line":5,"column":25},"end":{"line":8,"column":3}},"locations":[{"start":{"line":5,"column":25},"end":{"line":8,"column":3}}]},"2":{"type":"branch","line":8,"loc":{"start":{"line":8,"column":2},"end":{"line":17,"column":2}},"locations":[{"start":{"line":8,"column":2},"end":{"line":17,"column":2}}]},"3":{"type":"branch","line":13,"loc":{"start":{"line":13,"column":33},"end":{"line":13,"column":116}},"locations":[{"start":{"line":13,"column":33},"end":{"line":13,"column":116}}]},"4":{"type":"branch","line":25,"loc":{"start":{"line":25,"column":16},"end":{"line":53,"column":1}},"locations":[{"start":{"line":25,"column":16},"end":{"line":53,"column":1}}]},"5":{"type":"branch","line":26,"loc":{"start":{"line":26,"column":15},"end":{"line":48,"column":4}},"locations":[{"start":{"line":26,"column":15},"end":{"line":48,"column":4}}]},"6":{"type":"branch","line":26,"loc":{"start":{"line":26,"column":42},"end":{"line":48,"column":3}},"locations":[{"start":{"line":26,"column":42},"end":{"line":48,"column":3}}]},"7":{"type":"branch","line":34,"loc":{"start":{"line":34,"column":6},"end":{"line":35,"column":54}},"locations":[{"start":{"line":34,"column":6},"end":{"line":35,"column":54}}]},"8":{"type":"branch","line":36,"loc":{"start":{"line":36,"column":6},"end":{"line":37,"column":57}},"locations":[{"start":{"line":36,"column":6},"end":{"line":37,"column":57}}]},"9":{"type":"branch","line":38,"loc":{"start":{"line":38,"column":6},"end":{"line":39,"column":61}},"locations":[{"start":{"line":38,"column":6},"end":{"line":39,"column":61}}]},"10":{"type":"branch","line":40,"loc":{"start":{"line":40,"column":6},"end":{"line":42,"column":63}},"locations":[{"start":{"line":40,"column":6},"end":{"line":42,"column":63}}]},"11":{"type":"branch","line":43,"loc":{"start":{"line":43,"column":6},"end":{"line":44,"column":108}},"locations":[{"start":{"line":43,"column":6},"end":{"line":44,"column":108}}]},"12":{"type":"branch","line":45,"loc":{"start":{"line":45,"column":6},"end":{"line":46,"column":60}},"locations":[{"start":{"line":45,"column":6},"end":{"line":46,"column":60}}]},"13":{"type":"branch","line":31,"loc":{"start":{"line":31,"column":21},"end":{"line":31,"column":122}},"locations":[{"start":{"line":31,"column":21},"end":{"line":31,"column":122}}]}},"b":{"0":[81],"1":[60],"2":[21],"3":[27],"4":[3],"5":[15],"6":[54],"7":[15],"8":[6],"9":[9],"10":[12],"11":[12],"12":[0],"13":[54]},"fnMap":{"0":{"name":"stringify","decl":{"start":{"line":3,"column":18},"end":{"line":17,"column":2}},"loc":{"start":{"line":3,"column":18},"end":{"line":17,"column":2}},"line":3},"1":{"name":"stylish","decl":{"start":{"line":25,"column":16},"end":{"line":53,"column":1}},"loc":{"start":{"line":25,"column":16},"end":{"line":53,"column":1}},"line":25},"2":{"name":"iter","decl":{"start":{"line":26,"column":15},"end":{"line":48,"column":4}},"loc":{"start":{"line":26,"column":15},"end":{"line":48,"column":4}},"line":26},"3":{"name":"makeLine","decl":{"start":{"line":31,"column":21},"end":{"line":31,"column":122}},"loc":{"start":{"line":31,"column":21},"end":{"line":31,"column":122}},"line":31}},"f":{"0":81,"1":3,"2":15,"3":54}}
}
