TN:
SF:src/buildTree.js
FN:2,(anonymous_0)
FN:8,(anonymous_1)
FNF:2
FNH:2
FNDA:45,(anonymous_0)
FNDA:162,(anonymous_1)
DA:2,1
DA:4,45
DA:5,45
DA:6,45
DA:8,45
DA:9,162
DA:10,45
DA:12,117
DA:13,18
DA:16,99
DA:17,36
DA:20,63
DA:21,36
DA:24,27
DA:27,45
LF:15
LH:15
BRDA:9,0,0,45
BRDA:9,0,1,117
BRDA:12,1,0,18
BRDA:12,1,1,99
BRDA:16,2,0,36
BRDA:16,2,1,63
BRDA:16,3,0,99
BRDA:16,3,1,45
BRDA:20,4,0,36
BRDA:20,4,1,27
BRF:10
BRH:10
end_of_record
TN:
SF:src/index.js
FN:6,(anonymous_0)
FNF:1
FNH:1
FNDA:10,(anonymous_0)
DA:6,1
DA:8,10
DA:9,9
DA:10,9
DA:12,9
LF:5
LH:5
BRDA:6,0,0,1
BRF:1
BRH:1
end_of_record
TN:
SF:src/parser.js
FN:5,(anonymous_0)
FN:6,(anonymous_1)
FN:8,(anonymous_2)
FN:15,(anonymous_3)
FNF:4
FNH:4
FNDA:19,(anonymous_0)
FNDA:19,(anonymous_1)
FNDA:19,(anonymous_2)
FNDA:19,(anonymous_3)
DA:5,19
DA:6,19
DA:8,1
DA:9,19
DA:10,19
DA:11,19
DA:12,19
DA:15,1
DA:16,19
DA:18,6
DA:21,12
DA:23,1
LF:12
LH:12
BRDA:16,0,0,6
BRDA:16,0,1,6
BRDA:16,0,2,12
BRDA:16,0,3,1
BRF:4
BRH:4
end_of_record
TN:
SF:src/__formatters__/JSON.js
FN:1,(anonymous_0)
FNF:1
FNH:1
FNDA:3,(anonymous_0)
DA:1,3
LF:1
LH:1
BRF:0
BRH:0
end_of_record
TN:
SF:src/__formatters__/index.js
FN:5,(anonymous_0)
FNF:1
FNH:1
FNDA:9,(anonymous_0)
DA:6,9
DA:8,3
DA:10,3
DA:12,3
DA:14,0
LF:5
LH:4
BRDA:6,0,0,3
BRDA:6,0,1,3
BRDA:6,0,2,3
BRDA:6,0,3,0
BRF:4
BRH:3
end_of_record
TN:
SF:src/__formatters__/plain.js
FN:3,(anonymous_0)
FN:12,(anonymous_1)
FN:13,(anonymous_2)
FN:13,(anonymous_3)
FNF:4
FNH:4
FNDA:39,(anonymous_0)
FNDA:3,(anonymous_1)
FNDA:15,(anonymous_2)
FNDA:54,(anonymous_3)
DA:3,1
DA:5,39
DA:7,9
DA:9,30
DA:12,1
DA:13,15
DA:15,54
DA:17,54
DA:19,15
DA:21,6
DA:23,9
DA:25,12
DA:27,12
DA:29,0
DA:33,3
DA:35,3
LF:16
LH:15
BRDA:5,0,0,9
BRDA:5,0,1,30
BRDA:9,1,0,21
BRDA:9,1,1,9
BRDA:17,2,0,15
BRDA:17,2,1,6
BRDA:17,2,2,9
BRDA:17,2,3,12
BRDA:17,2,4,12
BRDA:17,2,5,0
BRF:10
BRH:9
end_of_record
TN:
SF:src/__formatters__/stylish.js
FN:3,(anonymous_0)
FN:13,(anonymous_1)
FN:25,(anonymous_2)
FN:26,(anonymous_3)
FN:26,(anonymous_4)
FN:31,(anonymous_5)
FNF:6
FNH:6
FNDA:81,(anonymous_0)
FNDA:27,(anonymous_1)
FNDA:3,(anonymous_2)
FNDA:15,(anonymous_3)
FNDA:54,(anonymous_4)
FNDA:54,(anonymous_5)
DA:3,1
DA:5,81
DA:7,60
DA:10,21
DA:11,21
DA:12,21
DA:13,27
DA:15,21
DA:19,1
DA:25,1
DA:26,15
DA:28,54
DA:29,54
DA:31,54
DA:33,54
DA:35,15
DA:37,6
DA:39,9
DA:41,12
DA:44,12
DA:46,0
DA:50,3
DA:52,3
LF:23
LH:22
BRDA:3,0,0,0
BRDA:5,1,0,60
BRDA:5,1,1,21
BRDA:25,2,0,3
BRDA:33,3,0,15
BRDA:33,3,1,6
BRDA:33,3,2,9
BRDA:33,3,3,12
BRDA:33,3,4,12
BRDA:33,3,5,0
BRF:10
BRH:8
end_of_record
