TN:
SF:src/buildTree.js
FN:2,buildTree
FNF:1
FNH:1
FNDA:45,buildTree
DA:1,1
DA:2,1
DA:3,45
DA:4,45
DA:5,45
DA:6,45
DA:7,45
DA:8,45
DA:9,162
DA:10,45
DA:11,45
DA:12,162
DA:13,18
DA:14,18
DA:15,99
DA:16,162
DA:17,36
DA:18,36
DA:19,63
DA:20,162
DA:21,36
DA:22,36
DA:23,27
DA:24,27
DA:25,45
DA:26,45
DA:27,45
DA:28,45
DA:29,1
DA:30,1
DA:31,1
LF:31
LH:31
BRDA:2,0,0,45
BRDA:8,1,0,162
BRDA:9,2,0,45
BRDA:11,3,0,117
BRDA:12,4,0,18
BRDA:14,5,0,99
BRDA:16,6,0,45
BRDA:16,7,0,36
BRDA:18,8,0,63
BRDA:20,9,0,36
BRDA:22,10,0,27
BRF:11
BRH:11
end_of_record
TN:
SF:src/index.js
FN:6,genDiff
FNF:1
FNH:1
FNDA:10,genDiff
DA:1,1
DA:2,1
DA:3,1
DA:4,1
DA:5,1
DA:6,1
DA:7,10
DA:8,10
DA:9,10
DA:10,10
DA:11,10
DA:12,10
DA:13,10
DA:14,1
DA:15,1
LF:15
LH:15
BRDA:6,0,0,10
BRF:1
BRH:1
end_of_record
TN:
SF:src/parser.js
FN:5,getAbsolutePath
FN:6,getFileExtname
FN:8,getFileInfo
FN:15,getContent
FNF:4
FNH:4
FNDA:19,getAbsolutePath
FNDA:19,getFileExtname
FNDA:19,getFileInfo
FNDA:19,getContent
DA:1,1
DA:2,1
DA:3,1
DA:4,1
DA:5,1
DA:6,1
DA:7,1
DA:8,1
DA:9,19
DA:10,19
DA:11,19
DA:12,19
DA:13,19
DA:14,1
DA:15,1
DA:16,19
DA:17,19
DA:18,6
DA:19,19
DA:20,19
DA:21,12
DA:22,19
DA:23,1
DA:24,19
DA:25,19
DA:26,1
LF:26
LH:26
BRDA:5,0,0,19
BRDA:6,1,0,19
BRDA:8,2,0,19
BRDA:15,3,0,19
BRDA:17,4,0,6
BRDA:19,5,0,6
BRDA:20,6,0,12
BRDA:22,7,0,1
BRF:8
BRH:8
end_of_record
TN:
SF:src/__formatters__/JSON.js
FN:1,default
FNF:1
FNH:1
FNDA:3,default
DA:1,1
LF:1
LH:1
BRDA:1,0,0,3
BRF:1
BRH:1
end_of_record
TN:
SF:src/__formatters__/index.js
FN:5,default
FNF:1
FNH:1
FNDA:9,default
DA:1,1
DA:2,1
DA:3,1
DA:4,1
DA:5,1
DA:6,9
DA:7,9
DA:8,3
DA:9,9
DA:10,3
DA:11,9
DA:12,3
DA:13,9
DA:14,0
DA:15,9
DA:16,9
LF:16
LH:15
BRDA:5,0,0,9
BRDA:7,1,0,3
BRDA:9,2,0,3
BRDA:11,3,0,3
BRDA:13,4,0,0
BRF:5
BRH:4
end_of_record
TN:
SF:src/__formatters__/plain.js
FN:3,stringify
FN:12,plain
FN:13,iter
FNF:3
FNH:3
FNDA:39,stringify
FNDA:3,plain
FNDA:15,iter
DA:1,1
DA:2,1
DA:3,1
DA:4,39
DA:5,39
DA:6,9
DA:7,9
DA:8,9
DA:9,39
DA:10,39
DA:11,1
DA:12,1
DA:13,3
DA:14,54
DA:15,54
DA:16,54
DA:17,54
DA:18,54
DA:19,15
DA:20,54
DA:21,6
DA:22,54
DA:23,9
DA:24,54
DA:25,12
DA:26,54
DA:27,12
DA:28,54
DA:29,0
DA:30,54
DA:31,3
DA:32,3
DA:33,3
DA:34,3
DA:35,3
DA:36,3
DA:37,1
DA:38,1
LF:38
LH:37
BRDA:3,0,0,39
BRDA:5,1,0,9
BRDA:8,2,0,30
BRDA:9,3,0,21
BRDA:9,4,0,9
BRDA:12,5,0,3
BRDA:13,6,0,15
BRDA:13,7,0,54
BRDA:18,8,0,15
BRDA:20,9,0,6
BRDA:22,10,0,9
BRDA:24,11,0,12
BRDA:26,12,0,12
BRDA:28,13,0,0
BRF:14
BRH:13
end_of_record
TN:
SF:src/__formatters__/stylish.js
FN:3,stringify
FN:25,stylish
FN:26,iter
FN:31,makeLine
FNF:4
FNH:4
FNDA:81,stringify
FNDA:3,stylish
FNDA:15,iter
FNDA:54,makeLine
DA:1,1
DA:2,1
DA:3,1
DA:4,81
DA:5,81
DA:6,60
DA:7,60
DA:8,81
DA:9,21
DA:10,21
DA:11,21
DA:12,21
DA:13,21
DA:14,21
DA:15,21
DA:16,21
DA:17,21
DA:18,1
DA:19,1
DA:20,1
DA:21,1
DA:22,1
DA:23,1
DA:24,1
DA:25,1
DA:26,3
DA:27,54
DA:28,54
DA:29,54
DA:30,54
DA:31,54
DA:32,54
DA:33,54
DA:34,54
DA:35,15
DA:36,54
DA:37,6
DA:38,54
DA:39,9
DA:40,54
DA:41,12
DA:42,12
DA:43,54
DA:44,12
DA:45,54
DA:46,0
DA:47,54
DA:48,3
DA:49,3
DA:50,3
DA:51,3
DA:52,3
DA:53,3
DA:54,1
LF:54
LH:53
BRDA:3,0,0,81
BRDA:5,1,0,60
BRDA:8,2,0,21
BRDA:13,3,0,27
BRDA:25,4,0,3
BRDA:26,5,0,15
BRDA:26,6,0,54
BRDA:34,7,0,15
BRDA:36,8,0,6
BRDA:38,9,0,9
BRDA:40,10,0,12
BRDA:43,11,0,12
BRDA:45,12,0,0
BRDA:31,13,0,54
BRF:14
BRH:13
end_of_record
